[2021-04-28T10:15:57.772] [INFO] api_use_log - api path: /users/login - is used
[2021-04-28T10:15:58.168] [INFO] api_use_log - api path: /all/queryWeather - is used
[2021-04-28T10:15:58.273] [INFO] api_use_log - api path: /all/queryWeather - is used
[2021-04-28T10:17:20.424] [INFO] api_use_log - api path: /users/getChildRegionById - is used
[2021-04-28T10:17:20.428] [INFO] api_use_log - api path: /users/getChildRegionById - is used
[2021-04-28T10:27:53.893] [INFO] api_use_log - api path: /users/getChildRegionById - is used
[2021-04-28T10:27:53.898] [INFO] api_use_log - api path: /users/getChildRegionById - is used
[2021-04-28T10:32:44.442] [INFO] api_use_log - api path: /users/getChildRegionById - is used
[2021-04-28T10:32:44.445] [INFO] api_use_log - api path: /users/getChildRegionById - is used
[2021-04-28T10:36:34.395] [INFO] api_use_log - api path: /users/getChildRegionById - is used
[2021-04-28T10:36:34.398] [INFO] api_use_log - api path: /users/getChildRegionById - is used
[2021-04-28T10:37:04.057] [INFO] api_use_log - api path: /users/getChildRegionById - is used
[2021-04-28T10:37:04.060] [INFO] api_use_log - api path: /users/getChildRegionById - is used
[2021-04-28T10:39:21.664] [INFO] api_use_log - api path: /users/getChildRegionById - is used
[2021-04-28T10:39:21.667] [INFO] api_use_log - api path: /users/getChildRegionById - is used
[2021-04-28T11:02:43.314] [INFO] api_use_log - api path: /users/getChildRegionById - is used
[2021-04-28T11:02:43.317] [INFO] api_use_log - api path: /users/getChildRegionById - is used
[2021-04-28T11:03:10.315] [INFO] api_use_log - api path: /users/getChildRegionById - is used
[2021-04-28T11:03:10.326] [INFO] api_use_log - api path: /users/getChildRegionById - is used
[2021-04-28T11:14:26.494] [INFO] api_use_log - api path: /users/getChildRegionById - is used
[2021-04-28T11:14:26.497] [INFO] api_use_log - api path: /users/getChildRegionById - is used
[2021-04-28T11:28:48.456] [INFO] api_use_log - api path: /users/getChildRegionById - is used
[2021-04-28T11:28:48.458] [INFO] api_use_log - api path: /users/getChildRegionById - is used
[2021-04-28T11:31:33.408] [INFO] api_use_log - api path: /users/getChildRegionById - is used
[2021-04-28T11:31:33.413] [INFO] api_use_log - api path: /users/getChildRegionById - is used
[2021-04-28T16:26:23.998] [INFO] api_use_log - api path: /users/login - is used
[2021-04-28T16:26:24.473] [INFO] api_use_log - api path: /all/queryWeather - is used
[2021-04-28T16:26:24.556] [INFO] api_use_log - api path: /all/queryWeather - is used
[2021-04-28T16:26:35.788] [INFO] api_use_log - api path: /users/getChildRegionById - is used
[2021-04-28T16:26:35.792] [INFO] api_use_log - api path: /users/getChildRegionById - is used
[2021-04-28T16:30:04.196] [INFO] api_use_log - api path: /users/getChildRegionById - is used
[2021-04-28T16:30:04.198] [INFO] api_use_log - api path: /users/getChildRegionById - is used
[2021-04-28T16:37:25.627] [INFO] api_use_log - api path: /users/getChildRegionById - is used
[2021-04-28T16:37:25.630] [INFO] api_use_log - api path: /users/getChildRegionById - is used
[2021-04-28T16:39:39.356] [INFO] api_use_log - api path: /users/getChildRegionById - is used
[2021-04-28T16:39:39.359] [INFO] api_use_log - api path: /users/getChildRegionById - is used
[2021-04-28T16:56:32.514] [INFO] api_use_log - api path: /chart/getGenerateChartsData - is used
[2021-04-28T17:11:20.978] [INFO] api_use_log - api path: /users/getChildRegionById - is used
[2021-04-28T17:11:20.981] [INFO] api_use_log - api path: /users/getChildRegionById - is used
[2021-04-28T17:11:22.372] [INFO] api_use_log - api path: /chart/getGenerateChartsData - is used
[2021-04-28T17:11:51.168] [INFO] api_use_log - api path: /chart/getGenerateChartsData - is used
[2021-04-28T17:11:54.026] [INFO] api_use_log - api path: /users/getChildRegionById - is used
[2021-04-28T17:11:54.030] [INFO] api_use_log - api path: /users/getChildRegionById - is used
[2021-04-28T17:11:55.099] [INFO] api_use_log - api path: /chart/getGenerateChartsData - is used
[2021-04-28T17:12:06.605] [INFO] api_use_log - api path: /chart/getGenerateChartsData - is used
[2021-04-28T17:12:32.001] [INFO] api_use_log - api path: /users/getChildRegionById - is used
[2021-04-28T17:12:32.004] [INFO] api_use_log - api path: /users/getChildRegionById - is used
[2021-04-28T17:12:33.258] [INFO] api_use_log - api path: /chart/getGenerateChartsData - is used
[2021-04-28T17:14:40.134] [INFO] api_use_log - api path: /users/getChildRegionById - is used
[2021-04-28T17:14:40.139] [INFO] api_use_log - api path: /users/getChildRegionById - is used
[2021-04-28T17:14:41.641] [INFO] api_use_log - api path: /chart/getGenerateChartsData - is used
[2021-04-28T17:19:07.950] [INFO] api_use_log - api path: /users/getChildRegionById - is used
[2021-04-28T17:19:07.956] [INFO] api_use_log - api path: /users/getChildRegionById - is used
[2021-04-28T17:19:11.077] [INFO] api_use_log - api path: /chart/getGenerateChartsData - is used
[2021-04-28T17:19:41.125] [INFO] api_use_log - api path: /users/getChildRegionById - is used
[2021-04-28T17:19:41.130] [INFO] api_use_log - api path: /users/getChildRegionById - is used
[2021-04-28T17:19:44.482] [INFO] api_use_log - api path: /chart/getGenerateChartsData - is used
[2021-04-28T17:25:35.251] [INFO] api_use_log - api path: /users/getChildRegionById - is used
[2021-04-28T17:25:35.254] [INFO] api_use_log - api path: /users/getChildRegionById - is used
[2021-04-28T17:25:37.847] [INFO] api_use_log - api path: /chart/getGenerateChartsData - is used
[2021-04-28T17:35:10.385] [INFO] api_use_log - api path: /users/getChildRegionById - is used
[2021-04-28T17:35:10.388] [INFO] api_use_log - api path: /users/getChildRegionById - is used
[2021-04-28T17:35:14.481] [INFO] api_use_log - api path: /chart/getGenerateChartsData - is used
[2021-04-28T17:36:00.112] [INFO] api_use_log - api path: /users/getChildRegionById - is used
[2021-04-28T17:36:00.114] [INFO] api_use_log - api path: /users/getChildRegionById - is used
[2021-04-28T17:36:00.883] [INFO] api_use_log - api path: /chart/getGenerateChartsData - is used
[2021-04-28T17:36:21.816] [INFO] api_use_log - api path: /chart/getGenerateChartsData - is used
[2021-04-28T17:36:28.442] [INFO] api_use_log - api path: /chart/getGenerateChartsData - is used
[2021-04-28T17:36:32.924] [INFO] api_use_log - api path: /chart/getGenerateChartsData - is used
[2021-04-28T17:37:08.564] [INFO] api_use_log - api path: /chart/getGenerateChartsData - is used
[2021-04-28T17:38:40.288] [INFO] api_use_log - api path: /users/getChildRegionById - is used
[2021-04-28T17:38:40.293] [INFO] api_use_log - api path: /users/getChildRegionById - is used
[2021-04-28T17:38:41.130] [INFO] api_use_log - api path: /chart/getGenerateChartsData - is used
[2021-04-28T17:38:51.335] [INFO] api_use_log - api path: /users/getChildRegionById - is used
[2021-04-28T17:38:51.426] [INFO] api_use_log - api path: /users/getChildRegionById - is used
[2021-04-28T17:40:23.474] [INFO] api_use_log - api path: /users/getChildRegionById - is used
[2021-04-28T17:40:23.481] [INFO] api_use_log - api path: /users/getChildRegionById - is used
[2021-04-28T17:40:25.971] [INFO] api_use_log - api path: /chart/getGenerateChartsData - is used
[2021-04-28T17:41:09.870] [INFO] api_use_log - api path: /users/getChildRegionById - is used
[2021-04-28T17:41:09.873] [INFO] api_use_log - api path: /users/getChildRegionById - is used
[2021-04-28T17:41:11.284] [INFO] api_use_log - api path: /chart/getGenerateChartsData - is used
[2021-04-28T17:41:17.548] [INFO] api_use_log - api path: /chart/getGenerateChartsData - is used
[2021-04-28T17:41:20.920] [INFO] api_use_log - api path: /users/getChildRegionById - is used
[2021-04-28T17:41:21.057] [INFO] api_use_log - api path: /chart/getGenerateChartsData - is used
[2021-04-28T17:41:21.060] [INFO] api_use_log - api path: /users/getChildRegionById - is used
[2021-04-28T19:14:25.297] [INFO] api_use_log - api path: /users/login - is used
[2021-04-28T19:14:35.873] [INFO] api_use_log - api path: /upload/uploadChartPng - is used
[2021-04-28T19:15:20.800] [INFO] api_use_log - api path: /upload/uploadChartPng - is used
[2021-04-28T19:16:10.336] [INFO] api_use_log - api path: /upload/uploadChartPng - is used
[2021-04-28T19:16:41.574] [INFO] api_use_log - api path: /upload/uploadChartPng - is used
[2021-04-28T19:16:50.145] [INFO] api_use_log - api path: /upload/uploadChartPng - is used
[2021-04-28T19:17:10.144] [INFO] api_use_log - api path: /upload/uploadChartPng - is used
[2021-04-28T19:17:17.658] [INFO] api_use_log - api path: /upload/uploadChartPng - is used
[2021-04-28T19:23:52.461] [INFO] api_use_log - api path: /chart/getGenerateChartsData - is used
[2021-04-28T19:23:57.765] [INFO] api_use_log - api path: /users/getChildRegionById - is used
[2021-04-28T19:23:57.770] [INFO] api_use_log - api path: /users/getChildRegionById - is used
[2021-04-28T19:23:59.471] [INFO] api_use_log - api path: /chart/getGenerateChartsData - is used
[2021-04-28T19:24:03.914] [INFO] api_use_log - api path: /chart/getGenerateChartsData - is used
[2021-04-28T19:24:08.599] [INFO] api_use_log - api path: /chart/getGenerateChartsData - is used
[2021-04-28T19:24:19.751] [INFO] api_use_log - api path: /chart/getGenerateChartsData - is used
[2021-04-28T19:28:00.295] [INFO] api_use_log - api path: /upload/uploadChartPng - is used
[2021-04-28T19:33:10.817] [INFO] api_use_log - api path: /upload/uploadChartPng - is used
[2021-04-28T19:35:18.743] [INFO] api_use_log - api path: /upload/uploadChartPng - is used
[2021-04-28T19:37:18.241] [INFO] api_use_log - api path: /upload/uploadChartPng - is used
[2021-04-28T19:38:20.557] [INFO] api_use_log - api path: /upload/uploadChartPng - is used
[2021-04-28T19:38:35.910] [INFO] api_use_log - api path: /upload/uploadChartPng - is used
[2021-04-28T19:40:10.858] [INFO] api_use_log - api path: /upload/uploadChartPng - is used
[2021-04-28T19:40:28.579] [INFO] api_use_log - api path: /upload/uploadChartPng - is used
[2021-04-28T19:43:31.520] [INFO] api_use_log - api path: /upload/uploadChartPng - is used
[2021-04-28T19:49:38.226] [INFO] api_use_log - api path: /users/getChildRegionById - is used
[2021-04-28T19:49:38.403] [INFO] api_use_log - api path: /users/getChildRegionById - is used
[2021-04-28T19:49:39.564] [INFO] api_use_log - api path: /chart/getGenerateChartsData - is used
[2021-04-28T19:50:18.756] [INFO] api_use_log - api path: /users/getChildRegionById - is used
[2021-04-28T19:50:18.761] [INFO] api_use_log - api path: /users/getChildRegionById - is used
[2021-04-28T19:50:19.445] [INFO] api_use_log - api path: /chart/getGenerateChartsData - is used
[2021-04-28T19:51:03.489] [INFO] api_use_log - api path: /users/login - is used
[2021-04-28T19:51:05.110] [INFO] api_use_log - api path: /all/queryWeather - is used
[2021-04-28T19:51:05.227] [INFO] api_use_log - api path: /all/queryWeather - is used
[2021-04-28T19:51:10.358] [INFO] api_use_log - api path: /users/getChildRegionById - is used
[2021-04-28T19:51:10.360] [INFO] api_use_log - api path: /users/getChildRegionById - is used
[2021-04-28T19:52:17.436] [INFO] api_use_log - api path: /users/getChildRegionById - is used
[2021-04-28T19:52:17.444] [INFO] api_use_log - api path: /users/getChildRegionById - is used
[2021-04-28T19:52:20.347] [INFO] api_use_log - api path: /chart/getGenerateChartsData - is used
[2021-04-28T19:52:57.703] [INFO] api_use_log - api path: /users/getChildRegionById - is used
[2021-04-28T19:52:57.707] [INFO] api_use_log - api path: /users/getChildRegionById - is used
[2021-04-28T19:52:59.897] [INFO] api_use_log - api path: /chart/getGenerateChartsData - is used
[2021-04-28T19:53:32.006] [INFO] api_use_log - api path: /chart/getGenerateChartsData - is used
[2021-04-28T19:53:38.291] [INFO] api_use_log - api path: /chart/getGenerateChartsData - is used
[2021-04-28T19:58:05.599] [INFO] api_use_log - api path: /users/getChildRegionById - is used
[2021-04-28T19:58:05.606] [INFO] api_use_log - api path: /users/getChildRegionById - is used
[2021-04-28T19:58:07.439] [INFO] api_use_log - api path: /chart/getGenerateChartsData - is used
[2021-04-28T19:58:26.224] [INFO] api_use_log - api path: /upload/uploadChartPng - is used
[2021-04-28T19:59:05.159] [INFO] api_use_log - api path: /users/getChildRegionById - is used
[2021-04-28T19:59:05.162] [INFO] api_use_log - api path: /users/getChildRegionById - is used
[2021-04-28T19:59:07.121] [INFO] api_use_log - api path: /chart/getGenerateChartsData - is used
[2021-04-28T19:59:18.178] [INFO] api_use_log - api path: /users/getChildRegionById - is used
[2021-04-28T19:59:18.271] [INFO] api_use_log - api path: /users/getChildRegionById - is used
[2021-04-28T19:59:18.288] [INFO] api_use_log - api path: /chart/getGenerateChartsData - is used
[2021-04-28T19:59:22.988] [INFO] api_use_log - api path: /chart/getGenerateChartsData - is used
[2021-04-28T19:59:31.081] [INFO] api_use_log - api path: /users/getChildRegionById - is used
[2021-04-28T19:59:31.384] [INFO] api_use_log - api path: /users/getChildRegionById - is used
[2021-04-28T19:59:34.187] [INFO] api_use_log - api path: /chart/getGenerateChartsData - is used
[2021-04-28T19:59:43.660] [INFO] api_use_log - api path: /chart/getGenerateChartsData - is used
[2021-04-28T20:00:01.470] [INFO] api_use_log - api path: /upload/uploadChartPng - is used
[2021-04-28T20:00:21.941] [INFO] api_use_log - api path: /upload/uploadChartPng - is used
[2021-04-28T20:00:50.607] [INFO] api_use_log - api path: /upload/uploadChartPng - is used
[2021-04-28T20:01:19.122] [INFO] api_use_log - api path: /upload/uploadChartPng - is used
[2021-04-28T20:04:00.954] [INFO] api_use_log - api path: /chart/getGenerateChartsData - is used
[2021-04-28T20:14:14.570] [INFO] api_use_log - api path: /users/getChildRegionById - is used
[2021-04-28T20:14:14.574] [INFO] api_use_log - api path: /users/getChildRegionById - is used
[2021-04-28T20:14:16.540] [INFO] api_use_log - api path: /chart/getGenerateChartsData - is used
[2021-04-28T20:16:10.762] [INFO] api_use_log - api path: /chart/getGenerateChartsData - is used
[2021-04-28T20:16:12.048] [INFO] api_use_log - api path: /upload/uploadChartPng - is used
[2021-04-28T20:20:57.090] [INFO] api_use_log - api path: /chart/getGenerateChartsData - is used
[2021-04-28T20:21:09.509] [INFO] api_use_log - api path: /chart/getGenerateChartsData - is used
[2021-04-28T20:23:18.090] [INFO] api_use_log - api path: /users/getChildRegionById - is used
[2021-04-28T20:23:18.098] [INFO] api_use_log - api path: /users/getChildRegionById - is used
[2021-04-28T20:23:57.543] [INFO] api_use_log - api path: /users/getChildRegionById - is used
[2021-04-28T20:23:57.560] [INFO] api_use_log - api path: /users/getChildRegionById - is used
[2021-04-28T20:25:46.957] [INFO] api_use_log - api path: /chart/getGenerateChartsData - is used
[2021-04-28T20:25:48.945] [INFO] api_use_log - api path: /upload/uploadChartPng - is used
[2021-04-28T20:26:28.852] [INFO] api_use_log - api path: /chart/getGenerateChartsData - is used
[2021-04-28T20:26:30.960] [INFO] api_use_log - api path: /upload/uploadChartPng - is used
[2021-04-28T20:26:47.084] [INFO] api_use_log - api path: /chart/getGenerateChartsData - is used
[2021-04-28T20:26:48.526] [INFO] api_use_log - api path: /upload/uploadChartPng - is used
[2021-04-28T20:27:46.608] [INFO] api_use_log - api path: /chart/getGenerateChartsData - is used
[2021-04-28T20:27:48.001] [INFO] api_use_log - api path: /upload/uploadChartPng - is used
[2021-04-28T20:28:18.457] [INFO] api_use_log - api path: /chart/getGenerateChartsData - is used
[2021-04-28T20:28:19.728] [INFO] api_use_log - api path: /upload/uploadChartPng - is used
[2021-04-28T20:30:43.423] [INFO] api_use_log - api path: /chart/getGenerateChartsData - is used
[2021-04-28T20:30:45.057] [INFO] api_use_log - api path: /upload/uploadChartPng - is used
[2021-04-28T20:30:57.194] [INFO] api_use_log - api path: /chart/getGenerateChartsData - is used
[2021-04-28T20:30:58.771] [INFO] api_use_log - api path: /upload/uploadChartPng - is used
[2021-04-28T20:31:26.932] [INFO] api_use_log - api path: /chart/getGenerateChartsData - is used
[2021-04-28T20:31:28.932] [INFO] api_use_log - api path: /upload/uploadChartPng - is used
[2021-04-28T20:31:51.994] [INFO] api_use_log - api path: /chart/getGenerateChartsData - is used
[2021-04-28T20:31:53.647] [INFO] api_use_log - api path: /upload/uploadChartPng - is used
[2021-04-28T20:34:13.604] [INFO] api_use_log - api path: /upload/uploadChartPng - is used
[2021-04-28T20:34:43.833] [INFO] api_use_log - api path: /upload/uploadChartPng - is used
[2021-04-28T20:35:29.036] [INFO] api_use_log - api path: /upload/uploadChartPng - is used
[2021-04-28T20:37:54.395] [INFO] api_use_log - api path: /users/getChildRegionById - is used
[2021-04-28T20:37:54.602] [INFO] api_use_log - api path: /users/getChildRegionById - is used
[2021-04-28T20:38:55.422] [INFO] api_use_log - api path: /chart/getGenerateChartsData - is used
[2021-04-28T20:38:56.997] [INFO] api_use_log - api path: /upload/uploadHistoryChartRecord - is used
[2021-04-28T20:41:25.785] [INFO] api_use_log - api path: /chart/getGenerateChartsData - is used
[2021-04-28T20:41:32.028] [INFO] api_use_log - api path: /upload/uploadHistoryChartRecord - is used
[2021-04-28T20:47:19.865] [INFO] api_use_log - api path: /users/getChildRegionById - is used
[2021-04-28T20:47:20.092] [INFO] api_use_log - api path: /users/getChildRegionById - is used
[2021-04-28T20:47:33.026] [INFO] api_use_log - api path: /chart/getGenerateChartsData - is used
[2021-04-28T20:47:34.865] [INFO] api_use_log - api path: /upload/uploadHistoryChartRecord - is used
[2021-04-28T20:50:02.338] [INFO] api_use_log - api path: /chart/getGenerateChartsData - is used
[2021-04-28T20:50:03.578] [INFO] api_use_log - api path: /upload/uploadHistoryChartRecord - is used
[2021-04-28T20:50:10.135] [INFO] api_use_log - api path: /users/getChildRegionById - is used
[2021-04-28T20:50:10.138] [INFO] api_use_log - api path: /users/getChildRegionById - is used
[2021-04-28T20:50:11.409] [INFO] api_use_log - api path: /chart/getGenerateChartsData - is used
[2021-04-28T20:50:12.668] [INFO] api_use_log - api path: /upload/uploadHistoryChartRecord - is used
[2021-04-28T20:50:23.347] [INFO] api_use_log - api path: /chart/getGenerateChartsData - is used
[2021-04-28T20:50:24.660] [INFO] api_use_log - api path: /upload/uploadHistoryChartRecord - is used
[2021-04-28T20:51:28.075] [INFO] api_use_log - api path: /users/getChildRegionById - is used
[2021-04-28T20:51:28.078] [INFO] api_use_log - api path: /users/getChildRegionById - is used
[2021-04-28T20:51:30.540] [INFO] api_use_log - api path: /chart/getGenerateChartsData - is used
[2021-04-28T20:51:34.454] [INFO] api_use_log - api path: /users/getChildRegionById - is used
[2021-04-28T20:51:34.457] [INFO] api_use_log - api path: /users/getChildRegionById - is used
[2021-04-28T20:51:35.640] [INFO] api_use_log - api path: /chart/getGenerateChartsData - is used
[2021-04-28T20:51:36.980] [INFO] api_use_log - api path: /upload/uploadHistoryChartRecord - is used
[2021-04-28T20:52:15.309] [INFO] api_use_log - api path: /users/getChildRegionById - is used
[2021-04-28T20:52:15.312] [INFO] api_use_log - api path: /users/getChildRegionById - is used
[2021-04-28T20:52:20.813] [INFO] api_use_log - api path: /users/getChildRegionById - is used
[2021-04-28T20:52:20.817] [INFO] api_use_log - api path: /users/getChildRegionById - is used
[2021-04-28T20:52:21.878] [INFO] api_use_log - api path: /chart/getGenerateChartsData - is used
[2021-04-28T20:52:23.165] [INFO] api_use_log - api path: /upload/uploadHistoryChartRecord - is used
[2021-04-28T20:52:40.162] [INFO] api_use_log - api path: /users/getChildRegionById - is used
[2021-04-28T20:52:40.164] [INFO] api_use_log - api path: /users/getChildRegionById - is used
[2021-04-28T20:52:44.942] [INFO] api_use_log - api path: /chart/getGenerateChartsData - is used
[2021-04-28T20:52:46.187] [INFO] api_use_log - api path: /upload/uploadHistoryChartRecord - is used
[2021-04-28T20:53:23.273] [INFO] api_use_log - api path: /users/getChildRegionById - is used
[2021-04-28T20:53:23.283] [INFO] api_use_log - api path: /users/getChildRegionById - is used
[2021-04-28T20:53:27.440] [INFO] api_use_log - api path: /chart/getGenerateChartsData - is used
[2021-04-28T20:53:28.655] [INFO] api_use_log - api path: /upload/uploadHistoryChartRecord - is used
[2021-04-28T20:55:21.063] [INFO] api_use_log - api path: /users/getChildRegionById - is used
[2021-04-28T20:55:21.189] [INFO] api_use_log - api path: /users/getChildRegionById - is used
[2021-04-28T20:55:23.989] [INFO] api_use_log - api path: /users/getChildRegionById - is used
[2021-04-28T20:55:23.996] [INFO] api_use_log - api path: /users/getChildRegionById - is used
[2021-04-28T20:55:25.798] [INFO] api_use_log - api path: /chart/getGenerateChartsData - is used
[2021-04-28T20:55:27.076] [INFO] api_use_log - api path: /upload/uploadHistoryChartRecord - is used
[2021-04-28T21:02:54.375] [INFO] api_use_log - api path: /chart/getGenerateChartsData - is used
[2021-04-28T21:02:58.618] [INFO] api_use_log - api path: /users/getChildRegionById - is used
[2021-04-28T21:02:58.623] [INFO] api_use_log - api path: /users/getChildRegionById - is used
[2021-04-28T21:02:59.788] [INFO] api_use_log - api path: /chart/getGenerateChartsData - is used
[2021-04-28T21:03:43.000] [INFO] api_use_log - api path: /users/getChildRegionById - is used
[2021-04-28T21:03:43.276] [INFO] api_use_log - api path: /users/getChildRegionById - is used
[2021-04-28T21:03:43.720] [INFO] api_use_log - api path: /chart/getGenerateChartsData - is used
[2021-04-28T21:03:45.464] [INFO] api_use_log - api path: /upload/uploadHistoryChartRecord - is used
[2021-04-28T21:05:48.359] [INFO] api_use_log - api path: /chart/getGenerateChartsData - is used
[2021-04-28T21:05:49.880] [INFO] api_use_log - api path: /upload/uploadHistoryChartRecord - is used
[2021-04-28T21:06:13.590] [INFO] api_use_log - api path: /chart/getGenerateChartsData - is used
[2021-04-28T21:06:15.212] [INFO] api_use_log - api path: /upload/uploadHistoryChartRecord - is used
[2021-04-28T21:12:58.464] [INFO] api_use_log - api path: /users/getChildRegionById - is used
[2021-04-28T21:12:58.690] [INFO] api_use_log - api path: /users/getChildRegionById - is used
[2021-04-28T21:12:59.037] [INFO] api_use_log - api path: /chart/getGenerateChartsData - is used
[2021-04-28T21:13:00.182] [INFO] api_use_log - api path: /chart/getGenerateChartsData - is used
[2021-04-28T21:13:18.960] [INFO] api_use_log - api path: /users/getChildRegionById - is used
[2021-04-28T21:13:19.928] [INFO] api_use_log - api path: /users/getChildRegionById - is used
[2021-04-28T21:13:32.386] [INFO] api_use_log - api path: /users/getChildRegionById - is used
[2021-04-28T21:13:32.719] [INFO] api_use_log - api path: /users/getChildRegionById - is used
[2021-04-28T21:13:33.125] [INFO] api_use_log - api path: /chart/getGenerateChartsData - is used
[2021-04-28T21:13:34.625] [INFO] api_use_log - api path: /upload/uploadHistoryChartRecord - is used
[2021-04-28T21:14:22.468] [INFO] api_use_log - api path: /chart/getGenerateChartsData - is used
[2021-04-28T21:14:27.904] [INFO] api_use_log - api path: /users/getChildRegionById - is used
[2021-04-28T21:14:27.910] [INFO] api_use_log - api path: /users/getChildRegionById - is used
[2021-04-28T21:15:13.597] [INFO] api_use_log - api path: /chart/getGenerateChartsData - is used
[2021-04-28T21:15:15.163] [INFO] api_use_log - api path: /upload/uploadHistoryChartRecord - is used
[2021-04-28T21:15:30.121] [INFO] api_use_log - api path: /chart/getGenerateChartsData - is used
[2021-04-28T21:15:31.492] [INFO] api_use_log - api path: /upload/uploadHistoryChartRecord - is used
[2021-04-28T21:17:25.185] [INFO] api_use_log - api path: /chart/getGenerateChartsData - is used
[2021-04-28T21:17:32.295] [INFO] api_use_log - api path: /chart/getGenerateChartsData - is used
[2021-04-28T21:17:33.933] [INFO] api_use_log - api path: /upload/uploadHistoryChartRecord - is used
[2021-04-28T21:18:01.308] [INFO] api_use_log - api path: /chart/getGenerateChartsData - is used
[2021-04-28T21:18:15.911] [INFO] api_use_log - api path: /chart/getGenerateChartsData - is used
[2021-04-28T21:18:17.726] [INFO] api_use_log - api path: /upload/uploadHistoryChartRecord - is used
[2021-04-28T21:18:53.126] [INFO] api_use_log - api path: /chart/getGenerateChartsData - is used
[2021-04-28T21:18:54.567] [INFO] api_use_log - api path: /upload/uploadHistoryChartRecord - is used
[2021-04-28T21:22:00.865] [INFO] api_use_log - api path: /chart/getGenerateChartsData - is used
[2021-04-28T21:22:02.303] [INFO] api_use_log - api path: /upload/uploadHistoryChartRecord - is used
[2021-04-28T21:22:16.328] [INFO] api_use_log - api path: /chart/getGenerateChartsData - is used
[2021-04-28T21:22:17.833] [INFO] api_use_log - api path: /upload/uploadHistoryChartRecord - is used
[2021-04-28T21:22:39.679] [INFO] api_use_log - api path: /chart/getGenerateChartsData - is used
[2021-04-28T21:22:41.138] [INFO] api_use_log - api path: /upload/uploadHistoryChartRecord - is used
[2021-04-28T21:22:45.831] [INFO] api_use_log - api path: /chart/getGenerateChartsData - is used
[2021-04-28T21:22:47.309] [INFO] api_use_log - api path: /upload/uploadHistoryChartRecord - is used
[2021-04-28T21:23:04.653] [INFO] api_use_log - api path: /chart/getGenerateChartsData - is used
[2021-04-28T21:23:06.094] [INFO] api_use_log - api path: /upload/uploadHistoryChartRecord - is used
[2021-04-28T21:23:17.637] [INFO] api_use_log - api path: /chart/getGenerateChartsData - is used
[2021-04-28T21:23:19.050] [INFO] api_use_log - api path: /upload/uploadHistoryChartRecord - is used
[2021-04-28T21:24:34.850] [INFO] api_use_log - api path: /chart/getGenerateChartsData - is used
[2021-04-28T21:24:36.321] [INFO] api_use_log - api path: /upload/uploadHistoryChartRecord - is used
[2021-04-28T21:24:45.122] [INFO] api_use_log - api path: /users/getChildRegionById - is used
[2021-04-28T21:24:45.126] [INFO] api_use_log - api path: /users/getChildRegionById - is used
[2021-04-28T21:24:47.903] [INFO] api_use_log - api path: /chart/getGenerateChartsData - is used
[2021-04-28T21:24:49.314] [INFO] api_use_log - api path: /upload/uploadHistoryChartRecord - is used
[2021-04-28T21:24:58.563] [INFO] api_use_log - api path: /chart/getGenerateChartsData - is used
[2021-04-28T21:24:59.881] [INFO] api_use_log - api path: /upload/uploadHistoryChartRecord - is used
[2021-04-28T21:25:23.555] [INFO] api_use_log - api path: /chart/getGenerateChartsData - is used
[2021-04-28T21:25:24.942] [INFO] api_use_log - api path: /upload/uploadHistoryChartRecord - is used
[2021-04-28T21:25:37.295] [INFO] api_use_log - api path: /chart/getGenerateChartsData - is used
[2021-04-28T21:25:39.804] [INFO] api_use_log - api path: /upload/uploadHistoryChartRecord - is used
[2021-04-28T21:25:46.908] [INFO] api_use_log - api path: /chart/getGenerateChartsData - is used
[2021-04-28T21:25:48.282] [INFO] api_use_log - api path: /upload/uploadHistoryChartRecord - is used
[2021-04-28T21:25:53.210] [INFO] api_use_log - api path: /users/getChildRegionById - is used
[2021-04-28T21:25:54.307] [INFO] api_use_log - api path: /chart/getGenerateChartsData - is used
[2021-04-28T21:25:55.745] [INFO] api_use_log - api path: /upload/uploadHistoryChartRecord - is used
[2021-04-28T21:26:00.459] [INFO] api_use_log - api path: /users/getChildRegionById - is used
[2021-04-28T21:26:01.481] [INFO] api_use_log - api path: /users/getChildRegionById - is used
[2021-04-28T21:26:02.783] [INFO] api_use_log - api path: /chart/getGenerateChartsData - is used
[2021-04-28T21:26:04.148] [INFO] api_use_log - api path: /upload/uploadHistoryChartRecord - is used
[2021-04-28T21:26:57.614] [INFO] api_use_log - api path: /users/getChildRegionById - is used
[2021-04-28T21:26:57.619] [INFO] api_use_log - api path: /users/getChildRegionById - is used
[2021-04-28T21:27:00.907] [INFO] api_use_log - api path: /chart/getGenerateChartsData - is used
[2021-04-28T21:27:03.109] [INFO] api_use_log - api path: /upload/uploadHistoryChartRecord - is used
[2021-04-28T21:29:16.032] [INFO] api_use_log - api path: /chart/getGenerateChartsData - is used
[2021-04-28T21:29:17.419] [INFO] api_use_log - api path: /upload/uploadHistoryChartRecord - is used
[2021-04-28T21:29:47.551] [INFO] api_use_log - api path: /chart/getGenerateChartsData - is used
[2021-04-28T21:29:51.002] [INFO] api_use_log - api path: /upload/uploadHistoryChartRecord - is used
[2021-04-28T21:30:11.883] [INFO] api_use_log - api path: /chart/getGenerateChartsData - is used
[2021-04-28T21:30:13.272] [INFO] api_use_log - api path: /upload/uploadHistoryChartRecord - is used
[2021-04-28T21:31:02.516] [INFO] api_use_log - api path: /chart/getGenerateChartsData - is used
[2021-04-28T21:31:05.001] [INFO] api_use_log - api path: /upload/uploadHistoryChartRecord - is used
[2021-04-28T21:31:08.534] [INFO] api_use_log - api path: /users/getChildRegionById - is used
[2021-04-28T21:31:08.538] [INFO] api_use_log - api path: /users/getChildRegionById - is used
[2021-04-28T21:31:57.100] [INFO] api_use_log - api path: /chart/getGenerateChartsData - is used
[2021-04-28T21:31:58.946] [INFO] api_use_log - api path: /upload/uploadHistoryChartRecord - is used
[2021-04-28T21:32:50.064] [INFO] api_use_log - api path: /chart/getGenerateChartsData - is used
[2021-04-28T21:32:54.961] [INFO] api_use_log - api path: /upload/uploadHistoryChartRecord - is used
[2021-04-28T21:34:27.917] [INFO] api_use_log - api path: /upload/uploadHistoryChartRecord - is used
[2021-04-28T21:34:33.317] [INFO] api_use_log - api path: /chart/getGenerateChartsData - is used
[2021-04-28T21:34:34.935] [INFO] api_use_log - api path: /upload/uploadHistoryChartRecord - is used
[2021-04-28T21:34:59.052] [INFO] api_use_log - api path: /upload/uploadHistoryChartRecord - is used
[2021-04-28T21:35:00.263] [INFO] api_use_log - api path: /chart/getGenerateChartsData - is used
[2021-04-28T21:35:01.928] [INFO] api_use_log - api path: /upload/uploadHistoryChartRecord - is used
[2021-04-28T21:35:27.130] [INFO] api_use_log - api path: /upload/uploadHistoryChartRecord - is used
[2021-04-28T21:35:28.962] [INFO] api_use_log - api path: /chart/getGenerateChartsData - is used
[2021-04-28T21:35:30.942] [INFO] api_use_log - api path: /upload/uploadHistoryChartRecord - is used
[2021-04-28T21:35:35.377] [INFO] api_use_log - api path: /users/getChildRegionById - is used
[2021-04-28T21:35:35.381] [INFO] api_use_log - api path: /users/getChildRegionById - is used
[2021-04-28T21:35:37.131] [INFO] api_use_log - api path: /chart/getGenerateChartsData - is used
[2021-04-28T21:35:38.932] [INFO] api_use_log - api path: /upload/uploadHistoryChartRecord - is used
[2021-04-28T21:35:52.320] [INFO] api_use_log - api path: /upload/uploadHistoryChartRecord - is used
[2021-04-28T21:36:17.167] [INFO] api_use_log - api path: /chart/getGenerateChartsData - is used
[2021-04-28T21:36:19.045] [INFO] api_use_log - api path: /upload/uploadHistoryChartRecord - is used
[2021-04-28T21:45:41.183] [INFO] api_use_log - api path: /users/getChildRegionById - is used
[2021-04-28T21:45:41.552] [INFO] api_use_log - api path: /users/getChildRegionById - is used
[2021-04-28T21:45:42.414] [INFO] api_use_log - api path: /chart/getGenerateChartsData - is used
[2021-04-28T21:45:44.866] [INFO] api_use_log - api path: /upload/uploadHistoryChartRecord - is used
[2021-04-28T21:47:07.104] [INFO] api_use_log - api path: /chart/getGenerateChartsData - is used
[2021-04-28T21:47:10.375] [INFO] api_use_log - api path: /upload/uploadHistoryChartRecord - is used
