[2021-04-06T11:02:48.462] [ERROR] errorLog - /watermeter/queryWaterMeterCopyRecords - error - Error: ER_PARSE_ERROR: You have an error in your SQL syntax; check the manual that corresponds to your MySQL server version for the right syntax to use near 'from copy_record' at line 1
[2021-04-06T11:03:17.756] [ERROR] errorLog - /watermeter/queryWaterMeterCopyRecords - error - Error: ER_PARSE_ERROR: You have an error in your SQL syntax; check the manual that corresponds to your MySQL server version for the right syntax to use near 'from copy_record' at line 1
[2021-04-06T11:03:45.084] [ERROR] errorLog - /watermeter/queryWaterMeterCopyRecords - error - Error: ER_PARSE_ERROR: You have an error in your SQL syntax; check the manual that corresponds to your MySQL server version for the right syntax to use near 'from copy_record' at line 1
[2021-04-06T11:08:33.053] [ERROR] errorLog - /watermeter/queryWaterMeterCopyRecords - error - Error: ER_PARSE_ERROR: You have an error in your SQL syntax; check the manual that corresponds to your MySQL server version for the right syntax to use near 'from copy_record' at line 1
[2021-04-06T11:09:50.377] [ERROR] errorLog - /watermeter/queryWaterMeterCopyRecords - error - Error: ER_PARSE_ERROR: You have an error in your SQL syntax; check the manual that corresponds to your MySQL server version for the right syntax to use near 'from copy_record' at line 1
[2021-04-06T11:11:34.272] [ERROR] errorLog - /watermeter/queryWaterMeterCopyRecords - error - Error: ER_PARSE_ERROR: You have an error in your SQL syntax; check the manual that corresponds to your MySQL server version for the right syntax to use near 'from copy_record' at line 1
[2021-04-06T15:05:26.288] [ERROR] errorLog - /watermeter/queryWaterMeterCopyRecords - error - Error: ER_PARSE_ERROR: You have an error in your SQL syntax; check the manual that corresponds to your MySQL server version for the right syntax to use near '' or 用户编号 like A' or 门牌号 like A' or 水表编号 like A' or 结算' at line 1
[2021-04-06T15:06:46.925] [ERROR] errorLog - /watermeter/queryWaterMeterCopyRecords - error - Error: ER_PARSE_ERROR: You have an error in your SQL syntax; check the manual that corresponds to your MySQL server version for the right syntax to use near '' or User_code like A' or House_number like A' or Equipment_code like A' or Sett' at line 1
[2021-04-06T15:07:46.020] [ERROR] errorLog - /watermeter/queryWaterMeterCopyRecords - error - Error: ER_BAD_FIELD_ERROR: Unknown column 'A' in 'where clause'
[2021-04-06T15:14:14.963] [ERROR] errorLog - /watermeter/queryWaterMeterCopyRecords - error - Error: ER_BAD_FIELD_ERROR: Unknown column '门牌号' in 'field list'
[2021-04-07T17:00:52.596] [ERROR] errorLog - /watermeter/queryWaterMeterCopyRecords - error - Error: ER_PARSE_ERROR: You have an error in your SQL syntax; check the manual that corresponds to your MySQL server version for the right syntax to use near 'from copy_record' at line 1
[2021-04-07T17:01:09.520] [ERROR] errorLog - /watermeter/queryWaterMeterCopyRecords - error - Error: ER_PARSE_ERROR: You have an error in your SQL syntax; check the manual that corresponds to your MySQL server version for the right syntax to use near 'from copy_record' at line 1
[2021-04-07T19:29:53.841] [ERROR] errorLog - /users/login - error - Error: ER_BAD_FIELD_ERROR: Unknown column '8ff3d126b3da4292bd26ec500100c05b' in 'where clause'
[2021-04-08T16:40:08.403] [ERROR] errorLog - /users/queryOtherUsersInfo - error - Error: connect ETIMEDOUT
[2021-04-09T11:09:16.952] [ERROR] errorLog - /users/login - error - Error: connect EHOSTUNREACH 118.178.197.214:3306
[2021-04-10T20:10:37.912] [ERROR] errorLog - /users/queryOtherUsersInfo - error - Error: connect ETIMEDOUT
[2021-04-11T09:39:30.785] [ERROR] errorLog - /users/queryOtherUsersInfo - error - Error: connect ETIMEDOUT
[2021-04-11T09:54:16.375] [ERROR] errorLog - /users/queryOtherUsersInfo - error - Error: connect ETIMEDOUT
[2021-04-11T09:55:11.998] [ERROR] errorLog - /users/editUserInfo - error - 参数不能为空！
[2021-04-11T10:00:15.686] [ERROR] errorLog - /users/queryOtherUsersInfo - error - Error: connect ETIMEDOUT
[2021-04-11T10:00:19.111] [ERROR] errorLog - /users/queryOtherUsersInfo - error - Error: connect ETIMEDOUT
[2021-04-11T10:00:33.339] [ERROR] errorLog - /users/queryOtherUsersInfo - error - Error: connect ETIMEDOUT
[2021-04-11T10:00:57.901] [ERROR] errorLog - /users/queryOtherUsersInfo - error - Error: connect ETIMEDOUT
[2021-04-11T10:01:00.850] [ERROR] errorLog - /users/queryOtherUsersInfo - error - Error: connect ETIMEDOUT
[2021-04-12T08:54:51.172] [ERROR] errorLog - /users/login - error - Error: connect ETIMEDOUT
[2021-04-12T08:55:09.128] [ERROR] errorLog - /users/login - error - Error: connect ETIMEDOUT
[2021-04-12T08:55:09.176] [ERROR] errorLog - /users/login - error - Error: connect ETIMEDOUT
[2021-04-12T08:55:49.494] [ERROR] errorLog - /users/login - error - Error: connect ETIMEDOUT
[2021-04-12T08:56:18.463] [ERROR] errorLog - /users/login - error - Error: connect ETIMEDOUT
[2021-04-14T13:31:55.019] [ERROR] errorLog - /users/editUserInfo - error - 参数不能为空！
[2021-04-14T13:32:27.110] [ERROR] errorLog - /users/editUserInfo - error - 参数不能为空！
[2021-04-14T14:02:27.360] [ERROR] errorLog - /users/editUserInfo - error - 参数不能为空！
[2021-04-14T14:02:46.822] [ERROR] errorLog - /users/editUserInfo - error - 参数不能为空！
[2021-04-14T14:06:22.082] [ERROR] errorLog - /users/queryOtherUsersInfo - error - Error: ER_PARSE_ERROR: You have an error in your SQL syntax; check the manual that corresponds to your MySQL server version for the right syntax to use near ''0' at line 1
[2021-04-14T14:06:32.133] [ERROR] errorLog - /users/queryOtherUsersInfo - error - Error: ER_PARSE_ERROR: You have an error in your SQL syntax; check the manual that corresponds to your MySQL server version for the right syntax to use near ''0' at line 1
[2021-04-14T15:06:39.615] [ERROR] errorLog - /users/queryOtherUsersInfo - error - 请传入auth参数
[2021-04-14T15:07:12.662] [ERROR] errorLog - /users/queryOtherUsersInfo - error - 请传入auth参数
[2021-04-14T15:07:36.016] [ERROR] errorLog - /users/queryOtherUsersInfo - error - 请传入auth参数
[2021-04-14T15:07:43.932] [ERROR] errorLog - /users/queryOtherUsersInfo - error - 请传入auth参数
[2021-04-14T15:08:45.159] [ERROR] errorLog - /users/queryOtherUsersInfo - error - 请传入auth参数
[2021-04-14T15:09:31.515] [ERROR] errorLog - /users/queryOtherUsersInfo - error - 请传入auth参数
[2021-04-14T15:10:39.870] [ERROR] errorLog - /users/queryOtherUsersInfo - error - 请传入auth参数
[2021-04-14T15:11:12.641] [ERROR] errorLog - /users/queryOtherUsersInfo - error - 请传入auth参数
[2021-04-14T15:11:41.896] [ERROR] errorLog - /users/queryOtherUsersInfo - error - 请传入auth参数
